MPASM  5.49                       PIXDEL4.ASM   3-30-2013  13:51:08         PAGE  1


LOC  OBJECT CODE     LINE SOURCE TEXT
  VALUE

                      00001 ;NOM: pixdel4.asm
                      00002 ;DESCRIPTION: version 4 du pixdel.
                      00003 ;             LED RGB controlée par un PIC10F200 ou PIC10F202
                      00004 ;             commandes reçues sur GP3 en format UART 8 bits, pas de parité, 1 stop.
                      00005 ;
                      00006 ;             format commande:
                      00007 ;             0xFF id_pixdel r_level g_level b_level
                      00008 ;               0xFF synchronisation, ne doit pas être utilisé comme id_pixdel ou niveau d'intensité.
                      00009 ;               id_pixdel 0 = diffusion, id_unique = 1-254
                      00010 ;               r_level niveau de rouge 0-254
                      00011 ;               g_level niveau de vert 0-254
                      00012 ;               b_level niveau de bleu 0-254
                      00013 ;
                      00014 ;MCU: PIC10F200 ou 202
                      00015 ;DATE: 2013-03-05
                      00016 ;AUTEUR: Jacques Deschênes
                      00017 ;REVISION: 2013-03-30
                      00018 ;          version 4, réécriture complète du firmware.
                      00019 
                      00020 
                      00021   include <P10F202.INC>
                      00001         LIST
                      00002 
                      00003 ;==========================================================================
                      00004 ;  MPASM PIC10F202 processor include
                      00005 ; 
                      00006 ;  (c) Copyright 1999-2013 Microchip Technology, All rights reserved
                      00007 ;==========================================================================
                      00008 
                      00150         LIST
                      00022 
0FFF   0FEB           00023   __config _WDTE_OFF & _MCLRE_OFF
                      00024 
                      00025 ;#define DEBUG
                      00026 ;#define CALIB ; calibration de l'oscillateur
                      00027 
                      00028 ;;;;;;;;;;;;; constantes ;;;;;;;;;;;;;;
  00000001            00029 PIXDEL_ID EQU 1 ; 1 à 254 doit-être différent pour chaque pixdel
                      00030 
                      00031 
  00000000            00032 BROADCAST EQU 0 ; identifiant message de diffusion
                      00033 
  000000C8            00034 OPTION_CFG EQU B'11001000' ; configuration registre OPTION
                      00035 
  00000003            00036 RX_P EQU GP3 ; réception uart
                      00037 #ifdef DEBUG
                      00038 TX_P EQU GP1 ; transmission uart
                      00039 #endif
                      00040 
  00000004            00041 CMD_SIZE EQU 4 ;  octets par commande, excluant l'octet de synchronisation
                      00042 
                      00043 ; bits couleurs rgb dans GPIO
  00000000            00044 GREEN   EQU GP0
MPASM  5.49                       PIXDEL4.ASM   3-30-2013  13:51:08         PAGE  2


LOC  OBJECT CODE     LINE SOURCE TEXT
  VALUE

  00000001            00045 BLUE    EQU GP1
  00000002            00046 RED     EQU GP2
                      00047 
                      00048 
                      00049 ; délais de bit en usec. pour les différentes vitesse rs-232
                      00050 ; Valeur pour Fosc/4=1Mhz
                      00051 ; 9600 BAUD
  00000068            00052 BDLY_9600 EQU D'104' ;
  00000034            00053 HDLY_9600 EQU D'52' ; délais demi-bit
                      00054 ; 14400 BAUD
  00000045            00055 BDLY_14400 EQU D'69'
  00000023            00056 HDLY_14400 EQU D'35'
                      00057 ; 19200 BAUD
  00000034            00058 BDLY_19200 EQU D'52'
  0000001A            00059 HDLY_19200 EQU D'26'
                      00060 ; 38400 BAUD
  0000001A            00061 BDLY_38400 EQU  D'26'
  0000000D            00062 HDLY_38400 EQU  D'13'
                      00063 
                      00064 ; vitesse utilisée dans cette version, valeur délais pour oscillateur
                      00065 ; calibré à ~= 4,619Mhz
  00000050            00066 BIT_DLY  EQU D'80'
  00000028            00067 HALF_DLY EQU D'40'
  FFFFFFD8            00068 PWM_PERIOD EQU (~HALF_DLY) + 1 ; période entre chaque appel de pwm_clock
                      00069 
                      00070 ; indicateurs booléens
  00000000            00071 F_RDBIT EQU 0  ; toggle lecture bit à tous les 2 cycles
  00000001            00072 F_STOP EQU 1  ; réception stop bit
  00000002            00073 F_BYTE EQU 2 ; octet reçu au complet
  00000008            00074 F_CMD  EQU 8 ; commande reçu et prête à être lue
                      00075 
  00000021            00076 OSC_CALIB EQU D'33' ; obtenu expérimentalement pour que Fosc/4 ~= 40*28800
                      00077                  ; muliple entier de la demi-période de 14400 BAUD
                      00078 
                      00079 ;;;;;;;;;;;;; macros ;;;;;;;;;;;;;;;;;;
                      00080 
                      00081 #define RX GPIO, RX_P ; réception des commande sur cette broche
                      00082 #ifdef DEBUG
                      00083 #define TX GPIO, TX_P ; transmission rs-232 pour déboguage
                      00084 #endif
                      00085 
                      00086 ;>>>>> cette macro n'est pas utilisé dans la version actuelle <<<<<<
                      00087 ; délais en micro-secondes basé sur un Tcy de 1usec.
                      00088 ; délais maximal  3*255+2=767usec
                      00089 delay_us macro usec
                      00090   local q=(usec-2)/3
                      00091   if q>0
                      00092     movlw q
                      00093     movwf delay_cntr
                      00094     decfsz delay_cntr,F
                      00095     goto $-1
                      00096     nop
                      00097     local r=(usec-2) % 3
MPASM  5.49                       PIXDEL4.ASM   3-30-2013  13:51:08         PAGE  3


LOC  OBJECT CODE     LINE SOURCE TEXT
  VALUE

                      00098     while r>1
                      00099       goto $+1
                      00100       local r=r-2
                      00101     endw
                      00102     if r>0
                      00103       nop
                      00104     endif
                      00105   else
                      00106     while usec>1
                      00107       goto $+1
                      00108       usec=usec-2
                      00109     endw
                      00110     if usec>0
                      00111       nop
                      00112     endif
                      00113   endif
                      00114   endm
                      00115 
                      00116 next_task macro next ; 2 Tcy
                      00117     movlw next
                      00118     movwf task
                      00119     endm
                      00120 
                      00121 init_state_idle macro ; 7 Tcy
                      00122     movlw CMD_SIZE
                      00123     movwf byte_cntr
                      00124     movlw rx_buff
                      00125     movwf FSR
                      00126     movlw task_wait_sync_start
                      00127     movwf task
                      00128     clrf flags
                      00129     endm
                      00130 
                      00131 init_byte_rcv macro  ; 5 Tcy
                      00132     movlw H'80'
                      00133     movwf INDF
                      00134     movlw H'F0'
                      00135     andwf flags, F
                      00136     bsf flags, F_RDBIT
                      00137     endm
                      00138 
                      00139 pwm_clock macro ; 12 Tcy
                      00140 ; contrôle l'intensité des composantes rouge,verte,bleu
                      00141     incf pwm, F
                      00142     movfw pwm
                      00143     subwf dc_red, W
                      00144     rlf gpio_temp, F
                      00145     movfw pwm
                      00146     subwf dc_blue, W
                      00147     rlf gpio_temp, F
                      00148     movfw pwm
                      00149     subwf dc_green, W
                      00150     rlf gpio_temp, F
MPASM  5.49                       PIXDEL4.ASM   3-30-2013  13:51:08         PAGE  4


LOC  OBJECT CODE     LINE SOURCE TEXT
  VALUE

                      00151     comf gpio_temp, W
                      00152 #ifdef DEBUG
                      00153     nop
                      00154 #else
                      00155     movwf GPIO
                      00156 #endif
                      00157     endm
                      00158 
                      00159 ;;;;;;;;;;;;; variables ;;;;;;;;;;;;;;;
                      00160   udata
0000                  00161 task res 1 ; tâche en cours d'exécution
0001                  00162 flags res 1 ; indicateurs booléens
0002                  00163 byte_cntr res 1 ; compteur octets réception commande
0003                  00164 rx_buff res CMD_SIZE ; mémoire tampon réception des commandes
0007                  00165 delay_cntr res 1 ; compteur pour macro delay_us
0008                  00166 pwm res 1  ; compteur pwm
0009                  00167 dc_red res 1 ; rapport cyclique rouge
000A                  00168 dc_blue res 1 ; rapport cyclique bleu
000B                  00169 dc_green res 1 ; rappor cyclique vert
000C                  00170 gpio_temp res 1 ; variable temporaire état GPIO utilisé par tâche pwm_clock.
                      00171 #ifdef DEBUG
                      00172 uart_byte res 1 ; octet envoyé part uart_tx
                      00173 #endif
                      00174 
                      00175 ;;;;;;;;;;;;; code ;;;;;;;;;;;;;;;;;;;;
                      00176 
                      00177 rst_vector org 0
                      00178 #ifdef CALIB
                      00179     movlw (D'33'<<1)+1 ;ajusté pour que Fosc/4~=40*28800
                      00180     movwf OSCCAL
                      00181     goto $
                      00182 #endif
0000   0C42           00183   movlw OSC_CALIB<<1 ; valeur obtenu expérimentalement, doit-être ajusté pour chaque MCU
0001   0025           00184   movwf OSCCAL
0002   0A??           00185   goto init
                      00186 
0003                  00187 uart_rx
                      00188 ; réception RS-232 
0003   0C01           00189     movlw 1<<F_RDBIT
0004   01??           00190     xorwf flags, F
0005   0700           00191     btfss flags, F_RDBIT
Warning[227]: Substituting RETLW 0 for RETURN pseudo-op
0006   0800           00192     return
0007   0620           00193     btfsc flags, F_STOP
0008   0A??           00194     goto rcv_stop_bit
0009   0503           00195     setc
000A   0766           00196     btfss RX
000B   0403           00197     clrc
000C   0320           00198     rrf INDF, F
000D   0703           00199     skpc
Warning[227]: Substituting RETLW 0 for RETURN pseudo-op
000E   0800           00200     return
000F   0520           00201     bsf flags, F_STOP
MPASM  5.49                       PIXDEL4.ASM   3-30-2013  13:51:08         PAGE  5


LOC  OBJECT CODE     LINE SOURCE TEXT
  VALUE

Warning[227]: Substituting RETLW 0 for RETURN pseudo-op
0010   0800           00202     return
0011                  00203 rcv_stop_bit
0011   0666           00204     btfsc RX
0012   0540           00205     bsf flags, F_BYTE
Warning[227]: Substituting RETLW 0 for RETURN pseudo-op
0013   0800           00206     return
                      00207 
                      00208 #ifdef DEBUG
                      00209 uart_tx
                      00210 ; transmet octet [uart_byte] , utilisé pour deboggage.
                      00211     bcf TX
                      00212     delay_us (BIT_DLY-D'6')
                      00213     setc
                      00214 tx_bit_loop
                      00215     rrf uart_byte, F
                      00216     skpc
                      00217     bcf TX
                      00218     skpnc
                      00219     bsf TX
                      00220     delay_us (BIT_DLY - D'10')
                      00221     clrc
                      00222     movf uart_byte, F
                      00223     skpz
                      00224     goto tx_bit_loop
                      00225     return
                      00226 
                      00227 echo ; transmet le contenu de rx_buff, pour déboguage
                      00228     movlw rx_buff
                      00229     movwf FSR
                      00230     movlw CMD_SIZE
                      00231     movwf byte_cntr
                      00232 echo_loop
                      00233     movfw INDF
                      00234     movwf uart_byte
                      00235     call uart_tx
                      00236     incf FSR
                      00237     decfsz byte_cntr, F
                      00238     goto echo_loop
                      00239     return
                      00240 
                      00241 #endif
                      00242 
                      00243 
                      00244 ;;;;;;;;;;;; initialisation MCU ;;;;;;;
0014                  00245 init
0014   0CC8           00246     movlw OPTION_CFG
0015   0002           00247     option
0016   0066           00248     clrf GPIO
0017   0040           00249     clrw
0018   0006           00250     tris GPIO
                      00251 #ifdef DEBUG
                      00252     comf GPIO, F
MPASM  5.49                       PIXDEL4.ASM   3-30-2013  13:51:08         PAGE  6


LOC  OBJECT CODE     LINE SOURCE TEXT
  VALUE

                      00253     movlw D'255'
                      00254     movwf gpio_temp
                      00255 delay_loop
                      00256     clrf TMR0
                      00257     movlw D'250'
                      00258     subwf TMR0, W
                      00259     skpc
                      00260     goto $-3
                      00261     decfsz gpio_temp, F
                      00262     goto delay_loop
                      00263     clrf GPIO
                      00264     movlw A'O'
                      00265     movwf uart_byte
                      00266     call uart_tx
                      00267     movlw A'K'
                      00268     movwf uart_byte
                      00269     movwf uart_byte
                      00270     call uart_tx
                      00271 #endif
0019   00??           00272     clrf pwm
001A   0CFF           00273     movlw H'FF'
001B   00??           00274     movwf dc_red
001C   00??           00275     movwf dc_green
001D   00??           00276     movwf dc_blue
                      00277     init_state_idle
001E   0C04               M     movlw CMD_SIZE
001F   00??               M     movwf byte_cntr
0020   0C??               M     movlw rx_buff
0021   0024               M     movwf FSR
0022   0C??               M     movlw task_wait_sync_start
0023   00??               M     movwf task
0024   00??               M     clrf flags
0025   0061           00278     clrf TMR0
                      00279 
                      00280 
                      00281 ;;;;;;;;;;;; boucle principale ;;;;;;;;
                      00282 ; la tâche pwm_clock s'exécute à chaque cycle du céduleur
                      00283 ; les autres tâches s'exécute à tour de rôle selon l'état
                      00284 ; du système.
0026                  00285 main
0026   0CDA           00286     movlw PWM_PERIOD + 2
Message[305]: Using default destination of 1 (file).
0027   01E1           00287     addwf TMR0
                      00288     pwm_clock ; 12 Tcy
                          M ; contrôle l'intensité des composantes rouge,verte,bleu
0028   02??               M     incf pwm, F
0029   02??               M     movfw pwm
002A   00??               M     subwf dc_red, W
002B   03??               M     rlf gpio_temp, F
002C   02??               M     movfw pwm
002D   00??               M     subwf dc_blue, W
002E   03??               M     rlf gpio_temp, F
002F   02??               M     movfw pwm
MPASM  5.49                       PIXDEL4.ASM   3-30-2013  13:51:08         PAGE  7


LOC  OBJECT CODE     LINE SOURCE TEXT
  VALUE

0030   00??               M     subwf dc_green, W
0031   03??               M     rlf gpio_temp, F
0032   02??               M     comf gpio_temp, W
                          M #ifdef DEBUG
                          M     nop
                          M #else
0033   0026               M     movwf GPIO
                          M #endif
0034   02??           00289     movfw task  ; task switch
0035   0022           00290     movwf PCL   ; +17 Tcy
0036                  00291 task_wait_sync_start ; attend le bit de démarrage réception octet SYNC (0xFF)
0036   0666           00292     btfsc RX
0037   0A??           00293     goto idle_loop ; +20Tcy
                      00294     init_byte_rcv  ; 5 Tcy
0038   0C80               M     movlw H'80'
0039   0020               M     movwf INDF
003A   0CF0               M     movlw H'F0'
003B   01??               M     andwf flags, F
003C   0500               M     bsf flags, F_RDBIT
                      00295     next_task task_sync
003D   0C??               M     movlw task_sync
003E   00??               M     movwf task
003F   0A??           00296     goto idle_loop ; +28 Tcy
0040                  00297 task_sync  ; réception octet SYNC
0040   09??           00298     call uart_rx   ; <= 15 Tcy
0041   0740           00299     btfss flags, F_BYTE
0042   0A??           00300     goto idle_loop ; <=13 Tcy
0043   0240           00301     comf INDF,W ; zéro si octet reçu = 0xFF
0044   0743           00302     skpz
0045   0A??           00303     goto no_sync
                      00304     next_task task_wait_start_bit
0046   0C??               M     movlw task_wait_start_bit
0047   00??               M     movwf task
0048   0A??           00305     goto idle_loop
0049                  00306 no_sync ; octet reçu n'est pas 0xFF
                      00307     next_task task_wait_sync_start
0049   0C??               M     movlw task_wait_sync_start
004A   00??               M     movwf task
004B   0A??           00308     goto idle_loop
004C                  00309 task_wait_start_bit  ; attend bit de démarrage réception des octets de commandes
004C   0666           00310     btfsc RX
004D   0A??           00311     goto idle_loop
                      00312     init_byte_rcv
004E   0C80               M     movlw H'80'
004F   0020               M     movwf INDF
0050   0CF0               M     movlw H'F0'
0051   01??               M     andwf flags, F
0052   0500               M     bsf flags, F_RDBIT
                      00313     next_task task_cmd_rcv
0053   0C??               M     movlw task_cmd_rcv
0054   00??               M     movwf task
0055   0A??           00314     goto idle_loop
0056                  00315 task_cmd_rcv ; réception d'un octet de commande.
MPASM  5.49                       PIXDEL4.ASM   3-30-2013  13:51:08         PAGE  8


LOC  OBJECT CODE     LINE SOURCE TEXT
  VALUE

0056   09??           00316     call uart_rx
0057   0740           00317     btfss flags, F_BYTE
0058   0A??           00318     goto idle_loop
Message[305]: Using default destination of 1 (file).
0059   02A4           00319     incf FSR
                      00320     next_task task_wait_start_bit
005A   0C??               M     movlw task_wait_start_bit
005B   00??               M     movwf task
005C   02??           00321     decfsz byte_cntr, F
005D   0A??           00322     goto idle_loop
                      00323 #ifdef DEBUG
                      00324     call echo
                      00325     init_state_idle ; 7
                      00326     goto main
                      00327 #endif
005E   0C??           00328     movlw task_chk_id
005F   00??           00329     movwf task
0060   0A??           00330     goto idle_loop
0061                  00331 task_chk_id ; vérifie l'identifiant avant d'accepter la commande
0061   0C??           00332     movlw rx_buff
0062   0024           00333     movwf FSR
0063   0200           00334     movf INDF, W
0064   0643           00335     skpnz
0065   0A??           00336     goto accept_cmd
0066   0F01           00337     xorlw PIXDEL_ID
0067   0743           00338     skpz
0068   0A??           00339     goto deny_cmd
0069                  00340 accept_cmd  ; commande acceptée.
                      00341     next_task task_cmd 
0069   0C??               M     movlw task_cmd
006A   00??               M     movwf task
006B   0A??           00342     goto idle_loop
006C                  00343 deny_cmd ; commande refusée, mauvais pixdel_id
                      00344     init_state_idle ; 7
006C   0C04               M     movlw CMD_SIZE
006D   00??               M     movwf byte_cntr
006E   0C??               M     movlw rx_buff
006F   0024               M     movwf FSR
0070   0C??               M     movlw task_wait_sync_start
0071   00??               M     movwf task
0072   00??               M     clrf flags
0073   0A??           00345     goto idle_loop
0074                  00346 task_cmd ; exécution de la commande reçue.
0074   02A4           00347     incf FSR, F
0075   0240           00348     comf INDF, W
0076   00??           00349     movwf dc_red
0077   02A4           00350     incf FSR, F
0078   0240           00351     comf INDF, W
0079   00??           00352     movwf dc_green
007A   02A4           00353     incf FSR, F
007B   0240           00354     comf INDF, W
007C   00??           00355     movwf dc_blue
                      00356     init_state_idle ; retour à l'état initial.
MPASM  5.49                       PIXDEL4.ASM   3-30-2013  13:51:08         PAGE  9


LOC  OBJECT CODE     LINE SOURCE TEXT
  VALUE

007D   0C04               M     movlw CMD_SIZE
007E   00??               M     movwf byte_cntr
007F   0C??               M     movlw rx_buff
0080   0024               M     movwf FSR
0081   0C??               M     movlw task_wait_sync_start
0082   00??               M     movwf task
0083   00??               M     clrf flags
0084                  00357 idle_loop ; complète le temps pour une période PWM constante
0084   0CD8           00358     movlw PWM_PERIOD
0085   0081           00359     subwf TMR0, W
0086   0603           00360     skpnc
0087   0A??           00361     goto idle_loop
0088   0A??           00362     goto main
0FEB                  00363     end
MPASM  5.49                       PIXDEL4.ASM   3-30-2013  13:51:08         PAGE 10


SYMBOL TABLE
  LABEL                             VALUE 

BDLY_14400                        00000045
BDLY_19200                        00000034
BDLY_38400                        0000001A
BDLY_9600                         00000068
BIT_DLY                           00000050
BLUE                              00000001
BROADCAST                         00000000
C                                 00000000
CAL0                              00000001
CAL1                              00000002
CAL2                              00000003
CAL3                              00000004
CAL4                              00000005
CAL5                              00000006
CAL6                              00000007
CMD_SIZE                          00000004
DC                                00000001
F                                 00000001
FOSC4                             00000000
FSR                               00000004
F_BYTE                            00000002
F_CMD                             00000008
F_RDBIT                           00000000
F_STOP                            00000001
GP0                               00000000
GP1                               00000001
GP2                               00000002
GP3                               00000003
GPIO                              00000006
GPWUF                             00000007
GREEN                             00000000
HALF_DLY                          00000028
HDLY_14400                        00000023
HDLY_19200                        0000001A
HDLY_38400                        0000000D
HDLY_9600                         00000034
INDF                              00000000
NOT_GPPU                          00000006
NOT_GPWU                          00000007
NOT_PD                            00000003
NOT_TO                            00000004
OPTION_CFG                        000000C8
OSCCAL                            00000005
OSC_CALIB                         00000021
PCL                               00000002
PIXDEL_ID                         00000001
PS0                               00000000
PS1                               00000001
PS2                               00000002
PSA                               00000003
PWM_PERIOD                        FFFFFFD8
RED                               00000002
RX                                GPIO, RX_P
MPASM  5.49                       PIXDEL4.ASM   3-30-2013  13:51:08         PAGE 11


SYMBOL TABLE
  LABEL                             VALUE 

RX_P                              00000003
STATUS                            00000003
T0CS                              00000005
T0SE                              00000004
TMR0                              00000001
TRISIO0                           00000000
TRISIO1                           00000001
TRISIO2                           00000002
TRISIO3                           00000003
W                                 00000000
Z                                 00000002
_CONFIG                           00000FFF
_CP_OFF                           00000FFF
_CP_ON                            00000FF7
_IDLOC0                           00000200
_IDLOC1                           00000201
_IDLOC2                           00000202
_IDLOC3                           00000203
_IntRC_OSC                        00000FFF
_MCLRE_OFF                        00000FEF
_MCLRE_ON                         00000FFF
_OSC_IntRC                        00000FFF
_WDTE_OFF                         00000FFB
_WDTE_ON                          00000FFF
_WDT_OFF                          00000FFB
_WDT_ON                           00000FFF
__10F202                          00000001
accept_cmd                        00000069
byte_cntr                         00000002
dc_blue                           0000000A
dc_green                          0000000B
dc_red                            00000009
delay_cntr                        00000007
delay_us                          
deny_cmd                          0000006C
flags                             00000001
gpio_temp                         0000000C
idle_loop                         00000084
init                              00000014
init_byte_rcv                     
init_state_idle                   
main                              00000026
next_task                         
no_sync                           00000049
pwm                               00000008
pwm_clock                         
rcv_stop_bit                      00000011
rst_vector                        00000000
rx_buff                           00000003
task                              00000000
task_chk_id                       00000061
task_cmd                          00000074
task_cmd_rcv                      00000056
MPASM  5.49                       PIXDEL4.ASM   3-30-2013  13:51:08         PAGE 12


SYMBOL TABLE
  LABEL                             VALUE 

task_sync                         00000040
task_wait_start_bit               0000004C
task_wait_sync_start              00000036
uart_rx                           00000003

Errors   :     0
Warnings :     4 reported,     0 suppressed
Messages :     2 reported,     0 suppressed

